# YT 17.32.39 - Latest Revanced Patches
- Added: downloads
- Enables downloading music and videos
from YouTube!
- Check revanced.app for latest patches and what is all Included.
- Original Youtube Which ur need to be able to flash module
- Is Linked on NOTE IN GROUP ALSO ON POST!
------
# YT 17.32.38 - Latest Revanced Patches
- Check revanced.app for latest patches and what is all Included.
- Original Youtube Which ur need to be able to flash module
- Is Linked on NOTE IN GROUP ALSO ON POST!
------
# 17.31.36 Latest ReVanced Patches
- Check revanced.app for latest patches and what is all Included.
- Original Youtube Which ur need to be able to flash module
- Is stored into ur Cloud! Download there install and flash module
-----
## v17.29.34 - 5.17.51
- Added Latest Youtube Music
- Version 5.17.51
- Fixed Youtube Crashes after Install
- Changed Build To Root Version
- Micro G no Longer Neccessary
- It will Mount ur Original Youtube with ReVanced!
- Just Install Latest Playstore Version
- And Flash This Module!
- Added New App Icons
--------
- All Credits Go's always To REVANCED TEAM!
- Module will be Updated when new Version came out!
- (Patches 2.30.1, Integrations 0.30.4, CLI 2.8.3) 
-------